just_128_100_5_5_0.50_2.npyEvaluate link prediction (type U - U) Result: 0.6664
Evaluate link prediction (type U - M) Result: 0.3472
Evaluate link prediction (type M - A) Result: 0.5204
Evaluate link prediction (type M - D) Result: 0.7874
metapaht2vec_douban_movie.npyEvaluate link prediction (type U - U) Result: 0.2410
Evaluate link prediction (type U - M) Result: 0.6353
Evaluate link prediction (type M - A) Result: 0.4989
Evaluate link prediction (type M - D) Result: 0.7681
hin2vec_douban_movie.npyEvaluate link prediction (type U - U) Result: 0.5115
Evaluate link prediction (type U - M) Result: 0.8126
Evaluate link prediction (type M - A) Result: 0.6011
Evaluate link prediction (type M - D) Result: 0.7488
LINE_douban_movie.npyEvaluate link prediction (type U - U) Result: 0.2197
Evaluate link prediction (type U - M) Result: 0.6611
Evaluate link prediction (type M - A) Result: 0.3206
Evaluate link prediction (type M - D) Result: 0.4155
deepwalk_douban_movie.npyEvaluate link prediction (type U - U) Result: 0.4852
Evaluate link prediction (type U - M) Result: 0.2454
Evaluate link prediction (type M - A) Result: 0.4387
Evaluate link prediction (type M - D) Result: 0.7343
experimental_douban_movie_128_100_5_5_5.npyEvaluate link prediction (type U - U) Result: 0.6738
Evaluate link prediction (type U - M) Result: 0.8055
Evaluate link prediction (type M - A) Result: 0.6713
Evaluate link prediction (type M - D) Result: 0.8551
just_128_100_5_5_0.50_2.npyEvaluate link prediction (type U - U) Result: 0.6623
Evaluate link prediction (type U - M) Result: 0.3473
Evaluate link prediction (type M - A) Result: 0.5282
Evaluate link prediction (type M - D) Result: 0.7971
metapaht2vec_douban_movie.npyEvaluate link prediction (type U - U) Result: 0.2410
Evaluate link prediction (type U - M) Result: 0.6358
Evaluate link prediction (type M - A) Result: 0.5005
Evaluate link prediction (type M - D) Result: 0.7874
hin2vec_douban_movie.npyEvaluate link prediction (type U - U) Result: 0.5311
Evaluate link prediction (type U - M) Result: 0.8120
Evaluate link prediction (type M - A) Result: 0.6047
Evaluate link prediction (type M - D) Result: 0.7536
LINE_douban_movie.npyEvaluate link prediction (type U - U) Result: 0.2180
Evaluate link prediction (type U - M) Result: 0.6607
Evaluate link prediction (type M - A) Result: 0.3172
Evaluate link prediction (type M - D) Result: 0.4155
deepwalk_douban_movie.npyEvaluate link prediction (type U - U) Result: 0.4885
Evaluate link prediction (type U - M) Result: 0.2458
Evaluate link prediction (type M - A) Result: 0.4311
Evaluate link prediction (type M - D) Result: 0.7729
experimental_douban_movie_128_100_5_5_5.npyEvaluate link prediction (type U - U) Result: 0.6656
Evaluate link prediction (type U - M) Result: 0.8064
Evaluate link prediction (type M - A) Result: 0.6690
Evaluate link prediction (type M - D) Result: 0.8406
just_128_100_5_5_0.50_2.npyEvaluate link prediction (type U - U) Result: 0.6623
Evaluate link prediction (type U - M) Result: 0.3469
Evaluate link prediction (type M - A) Result: 0.5322
Evaluate link prediction (type M - D) Result: 0.7923
metapaht2vec_douban_movie.npyEvaluate link prediction (type U - U) Result: 0.2410
Evaluate link prediction (type U - M) Result: 0.6349
Evaluate link prediction (type M - A) Result: 0.4954
Evaluate link prediction (type M - D) Result: 0.7778
hin2vec_douban_movie.npyEvaluate link prediction (type U - U) Result: 0.5180
Evaluate link prediction (type U - M) Result: 0.8124
Evaluate link prediction (type M - A) Result: 0.6054
Evaluate link prediction (type M - D) Result: 0.7585
LINE_douban_movie.npyEvaluate link prediction (type U - U) Result: 0.2262
Evaluate link prediction (type U - M) Result: 0.6602
Evaluate link prediction (type M - A) Result: 0.3204
Evaluate link prediction (type M - D) Result: 0.4493
deepwalk_douban_movie.npyEvaluate link prediction (type U - U) Result: 0.4951
Evaluate link prediction (type U - M) Result: 0.2469
Evaluate link prediction (type M - A) Result: 0.4382
Evaluate link prediction (type M - D) Result: 0.7536
experimental_douban_movie_128_100_5_5_5.npyEvaluate link prediction (type U - U) Result: 0.6713
Evaluate link prediction (type U - M) Result: 0.8067
Evaluate link prediction (type M - A) Result: 0.6743
Evaluate link prediction (type M - D) Result: 0.8406
just_128_100_5_5_0.50_2.npyEvaluate link prediction (type U - U) Result: 0.6680
Evaluate link prediction (type U - M) Result: 0.3475
Evaluate link prediction (type M - A) Result: 0.5305
Evaluate link prediction (type M - D) Result: 0.7874
metapaht2vec_douban_movie.npyEvaluate link prediction (type U - U) Result: 0.2418
Evaluate link prediction (type U - M) Result: 0.6351
Evaluate link prediction (type M - A) Result: 0.4943
Evaluate link prediction (type M - D) Result: 0.7826
hin2vec_douban_movie.npyEvaluate link prediction (type U - U) Result: 0.5164
Evaluate link prediction (type U - M) Result: 0.8127
Evaluate link prediction (type M - A) Result: 0.6061
Evaluate link prediction (type M - D) Result: 0.7681
LINE_douban_movie.npyEvaluate link prediction (type U - U) Result: 0.2377
Evaluate link prediction (type U - M) Result: 0.6614
Evaluate link prediction (type M - A) Result: 0.3209
Evaluate link prediction (type M - D) Result: 0.4300
deepwalk_douban_movie.npyEvaluate link prediction (type U - U) Result: 0.4918
Evaluate link prediction (type U - M) Result: 0.2451
Evaluate link prediction (type M - A) Result: 0.4384
Evaluate link prediction (type M - D) Result: 0.7440
experimental_douban_movie_128_100_5_5_5.npyEvaluate link prediction (type U - U) Result: 0.6689
Evaluate link prediction (type U - M) Result: 0.8070
Evaluate link prediction (type M - A) Result: 0.6656
Evaluate link prediction (type M - D) Result: 0.8454
just_128_100_5_5_0.50_2.npyEvaluate link prediction (type U - U) Result: 0.6672
Evaluate link prediction (type U - M) Result: 0.3462
Evaluate link prediction (type M - A) Result: 0.5301
Evaluate link prediction (type M - D) Result: 0.8019
metapaht2vec_douban_movie.npyEvaluate link prediction (type U - U) Result: 0.2426
Evaluate link prediction (type U - M) Result: 0.6353
Evaluate link prediction (type M - A) Result: 0.5014
Evaluate link prediction (type M - D) Result: 0.7923
hin2vec_douban_movie.npyEvaluate link prediction (type U - U) Result: 0.5123
Evaluate link prediction (type U - M) Result: 0.8128
Evaluate link prediction (type M - A) Result: 0.6013
Evaluate link prediction (type M - D) Result: 0.7536
LINE_douban_movie.npyEvaluate link prediction (type U - U) Result: 0.2148
Evaluate link prediction (type U - M) Result: 0.6611
Evaluate link prediction (type M - A) Result: 0.3213
Evaluate link prediction (type M - D) Result: 0.4251
deepwalk_douban_movie.npyEvaluate link prediction (type U - U) Result: 0.4836
Evaluate link prediction (type U - M) Result: 0.2455
Evaluate link prediction (type M - A) Result: 0.4435
Evaluate link prediction (type M - D) Result: 0.7488
experimental_douban_movie_128_100_5_5_5.npyEvaluate link prediction (type U - U) Result: 0.6697
Evaluate link prediction (type U - M) Result: 0.8060
Evaluate link prediction (type M - A) Result: 0.6693
Evaluate link prediction (type M - D) Result: 0.8502
